{"level":"info","message":"Hello endpoint hit","service":"acquisitions-api"}
{"level":"info","message":"::1 - - [24/Sep/2025:17:26:06 +0000] \"GET / HTTP/1.1\" 200 13 \"-\" \"PostmanRuntime/7.47.1\"","service":"acquisitions-api"}
{"level":"info","message":"Hello endpoint hit","service":"acquisitions-api"}
{"level":"info","message":"::1 - - [24/Sep/2025:17:26:48 +0000] \"GET / HTTP/1.1\" 200 13 \"-\" \"PostmanRuntime/7.47.1\"","service":"acquisitions-api"}
{"level":"info","message":"Hello endpoint hit","service":"acquisitions-api"}
{"level":"info","message":"::1 - - [24/Sep/2025:17:27:08 +0000] \"GET / HTTP/1.1\" 200 13 \"-\" \"PostmanRuntime/7.47.1\"","service":"acquisitions-api"}
{"level":"info","message":"::1 - - [24/Sep/2025:17:27:29 +0000] \"GET /api HTTP/1.1\" 404 142 \"-\" \"PostmanRuntime/7.47.1\"","service":"acquisitions-api"}
{"level":"info","message":"::1 - - [24/Sep/2025:17:27:50 +0000] \"GET /health HTTP/1.1\" 200 75 \"-\" \"PostmanRuntime/7.47.1\"","service":"acquisitions-api"}
{"level":"info","message":"::1 - - [24/Sep/2025:17:28:17 +0000] \"GET /api HTTP/1.1\" 200 42 \"-\" \"PostmanRuntime/7.47.1\"","service":"acquisitions-api"}
{"level":"error","message":"Error creating the user: TypeError: Cannot convert undefined or null to object","service":"acquisitions-api"}
{"level":"error","message":"Signup error Cannot convert undefined or null to object","service":"acquisitions-api","stack":"TypeError: Cannot convert undefined or null to object\n    at Function.entries (<anonymous>)\n    at orderSelectedFields (file:///C:/Users/sajara/Desktop/repos_latest/acquisitions/node_modules/drizzle-orm/utils.js:53:17)\n    at file:///C:/Users/sajara/Desktop/repos_latest/acquisitions/node_modules/drizzle-orm/utils.js:63:22\n    at Array.reduce (<anonymous>)\n    at orderSelectedFields (file:///C:/Users/sajara/Desktop/repos_latest/acquisitions/node_modules/drizzle-orm/utils.js:53:33)\n    at QueryPromise.returning (file:///C:/Users/sajara/Desktop/repos_latest/acquisitions/node_modules/drizzle-orm/pg-core/query-builders/insert.js:75:29)\n    at createUser (file:///C:/Users/sajara/Desktop/repos_latest/acquisitions/src/services/auth.service.js:42:8)\n    at async signup (file:///C:/Users/sajara/Desktop/repos_latest/acquisitions/src/controllers/auth.controller.js:21:18)"}
{"level":"info","message":"::1 - - [24/Sep/2025:18:43:57 +0000] \"POST /api/auth/sign-up HTTP/1.1\" 500 1114 \"-\" \"PostmanRuntime/7.47.1\"","service":"acquisitions-api"}
{"level":"error","message":"Error creating the user: TypeError: Cannot convert undefined or null to object","service":"acquisitions-api"}
{"level":"error","message":"Signup error Cannot convert undefined or null to object","service":"acquisitions-api","stack":"TypeError: Cannot convert undefined or null to object\n    at Function.entries (<anonymous>)\n    at orderSelectedFields (file:///C:/Users/sajara/Desktop/repos_latest/acquisitions/node_modules/drizzle-orm/utils.js:53:17)\n    at file:///C:/Users/sajara/Desktop/repos_latest/acquisitions/node_modules/drizzle-orm/utils.js:63:22\n    at Array.reduce (<anonymous>)\n    at orderSelectedFields (file:///C:/Users/sajara/Desktop/repos_latest/acquisitions/node_modules/drizzle-orm/utils.js:53:33)\n    at QueryPromise.returning (file:///C:/Users/sajara/Desktop/repos_latest/acquisitions/node_modules/drizzle-orm/pg-core/query-builders/insert.js:75:29)\n    at createUser (file:///C:/Users/sajara/Desktop/repos_latest/acquisitions/src/services/auth.service.js:42:8)\n    at async signup (file:///C:/Users/sajara/Desktop/repos_latest/acquisitions/src/controllers/auth.controller.js:21:18)"}
{"level":"info","message":"::1 - - [24/Sep/2025:18:47:04 +0000] \"POST /api/auth/sign-up HTTP/1.1\" 500 1114 \"-\" \"PostmanRuntime/7.47.1\"","service":"acquisitions-api"}
{"level":"error","message":"Error creating the user: TypeError: Cannot convert undefined or null to object","service":"acquisitions-api"}
{"level":"error","message":"Signup error Cannot convert undefined or null to object","service":"acquisitions-api","stack":"TypeError: Cannot convert undefined or null to object\n    at Function.entries (<anonymous>)\n    at orderSelectedFields (file:///C:/Users/sajara/Desktop/repos_latest/acquisitions/node_modules/drizzle-orm/utils.js:53:17)\n    at file:///C:/Users/sajara/Desktop/repos_latest/acquisitions/node_modules/drizzle-orm/utils.js:63:22\n    at Array.reduce (<anonymous>)\n    at orderSelectedFields (file:///C:/Users/sajara/Desktop/repos_latest/acquisitions/node_modules/drizzle-orm/utils.js:53:33)\n    at QueryPromise.returning (file:///C:/Users/sajara/Desktop/repos_latest/acquisitions/node_modules/drizzle-orm/pg-core/query-builders/insert.js:75:29)\n    at createUser (file:///C:/Users/sajara/Desktop/repos_latest/acquisitions/src/services/auth.service.js:42:8)\n    at async signup (file:///C:/Users/sajara/Desktop/repos_latest/acquisitions/src/controllers/auth.controller.js:21:18)"}
{"level":"info","message":"::1 - - [24/Sep/2025:18:48:56 +0000] \"POST /api/auth/sign-up HTTP/1.1\" 500 1114 \"-\" \"PostmanRuntime/7.47.1\"","service":"acquisitions-api"}
{"level":"error","message":"Error creating the user: TypeError: Cannot convert undefined or null to object","service":"acquisitions-api"}
{"level":"error","message":"Signup error Cannot convert undefined or null to object","service":"acquisitions-api","stack":"TypeError: Cannot convert undefined or null to object\n    at Function.entries (<anonymous>)\n    at orderSelectedFields (file:///C:/Users/sajara/Desktop/repos_latest/acquisitions/node_modules/drizzle-orm/utils.js:53:17)\n    at file:///C:/Users/sajara/Desktop/repos_latest/acquisitions/node_modules/drizzle-orm/utils.js:63:22\n    at Array.reduce (<anonymous>)\n    at orderSelectedFields (file:///C:/Users/sajara/Desktop/repos_latest/acquisitions/node_modules/drizzle-orm/utils.js:53:33)\n    at QueryPromise.returning (file:///C:/Users/sajara/Desktop/repos_latest/acquisitions/node_modules/drizzle-orm/pg-core/query-builders/insert.js:75:29)\n    at createUser (file:///C:/Users/sajara/Desktop/repos_latest/acquisitions/src/services/auth.service.js:44:8)\n    at async signup (file:///C:/Users/sajara/Desktop/repos_latest/acquisitions/src/controllers/auth.controller.js:21:18)"}
{"level":"info","message":"::1 - - [24/Sep/2025:18:49:45 +0000] \"POST /api/auth/sign-up HTTP/1.1\" 500 1114 \"-\" \"PostmanRuntime/7.47.1\"","service":"acquisitions-api"}
{"level":"error","message":"Error creating the user: TypeError: Cannot convert undefined or null to object","service":"acquisitions-api"}
{"level":"error","message":"Signup error Cannot convert undefined or null to object","service":"acquisitions-api","stack":"TypeError: Cannot convert undefined or null to object\n    at Function.entries (<anonymous>)\n    at orderSelectedFields (file:///C:/Users/sajara/Desktop/repos_latest/acquisitions/node_modules/drizzle-orm/utils.js:53:17)\n    at file:///C:/Users/sajara/Desktop/repos_latest/acquisitions/node_modules/drizzle-orm/utils.js:63:22\n    at Array.reduce (<anonymous>)\n    at orderSelectedFields (file:///C:/Users/sajara/Desktop/repos_latest/acquisitions/node_modules/drizzle-orm/utils.js:53:33)\n    at QueryPromise.returning (file:///C:/Users/sajara/Desktop/repos_latest/acquisitions/node_modules/drizzle-orm/pg-core/query-builders/insert.js:75:29)\n    at createUser (file:///C:/Users/sajara/Desktop/repos_latest/acquisitions/src/services/auth.service.js:44:8)\n    at async signup (file:///C:/Users/sajara/Desktop/repos_latest/acquisitions/src/controllers/auth.controller.js:21:18)"}
{"level":"info","message":"::1 - - [24/Sep/2025:18:50:32 +0000] \"POST /api/auth/sign-up HTTP/1.1\" 500 1114 \"-\" \"PostmanRuntime/7.47.1\"","service":"acquisitions-api"}
{"level":"error","message":"Error creating the user: TypeError: Cannot convert undefined or null to object","service":"acquisitions-api"}
{"level":"error","message":"Signup error Cannot convert undefined or null to object","service":"acquisitions-api","stack":"TypeError: Cannot convert undefined or null to object\n    at Function.entries (<anonymous>)\n    at orderSelectedFields (file:///C:/Users/sajara/Desktop/repos_latest/acquisitions/node_modules/drizzle-orm/utils.js:53:17)\n    at file:///C:/Users/sajara/Desktop/repos_latest/acquisitions/node_modules/drizzle-orm/utils.js:63:22\n    at Array.reduce (<anonymous>)\n    at orderSelectedFields (file:///C:/Users/sajara/Desktop/repos_latest/acquisitions/node_modules/drizzle-orm/utils.js:53:33)\n    at QueryPromise.returning (file:///C:/Users/sajara/Desktop/repos_latest/acquisitions/node_modules/drizzle-orm/pg-core/query-builders/insert.js:75:29)\n    at createUser (file:///C:/Users/sajara/Desktop/repos_latest/acquisitions/src/services/auth.service.js:44:8)\n    at async signup (file:///C:/Users/sajara/Desktop/repos_latest/acquisitions/src/controllers/auth.controller.js:21:18)"}
{"level":"info","message":"::1 - - [24/Sep/2025:18:51:32 +0000] \"POST /api/auth/sign-up HTTP/1.1\" 500 1114 \"-\" \"PostmanRuntime/7.47.1\"","service":"acquisitions-api"}
{"level":"info","message":"User admin@email.com created successfully","service":"acquisitions-api"}
{"level":"info","message":"User registered successfully: admin@email.com","service":"acquisitions-api"}
{"level":"info","message":"::1 - - [24/Sep/2025:19:25:25 +0000] \"POST /api/auth/sign-up HTTP/1.1\" 201 101 \"-\" \"PostmanRuntime/7.47.1\"","service":"acquisitions-api"}
{"level":"info","message":"User admin@email.com authenticated successfully","service":"acquisitions-api"}
{"level":"info","message":"User signed in successfully: admin@email.com","service":"acquisitions-api"}
{"level":"info","message":"::1 - - [24/Sep/2025:19:32:46 +0000] \"POST /api/auth/sign-in HTTP/1.1\" 200 113 \"-\" \"PostmanRuntime/7.47.1\"","service":"acquisitions-api"}
{"level":"info","message":"::1 - - [24/Sep/2025:19:33:23 +0000] \"POST /api/auth/sign-up HTTP/1.1\" 400 92 \"-\" \"PostmanRuntime/7.47.1\"","service":"acquisitions-api"}
{"level":"info","message":"User signed out successfully","service":"acquisitions-api"}
{"level":"info","message":"::1 - - [24/Sep/2025:19:33:38 +0000] \"POST /api/auth/sign-out HTTP/1.1\" 200 42 \"-\" \"PostmanRuntime/7.47.1\"","service":"acquisitions-api"}
{"level":"info","message":"::1 - - [25/Sep/2025:08:03:02 +0000] \"GET /health HTTP/1.1\" 200 75 \"-\" \"-\"","service":"acquisitions-api"}
{"level":"info","message":"::1 - - [25/Sep/2025:08:03:32 +0000] \"GET /health HTTP/1.1\" 200 76 \"-\" \"-\"","service":"acquisitions-api"}
{"level":"info","message":"Hello endpoint hit","service":"acquisitions-api"}
{"level":"info","message":"::ffff:172.18.0.1 - - [25/Sep/2025:08:03:50 +0000] \"GET / HTTP/1.1\" 200 13 \"-\" \"Mozilla/5.0 (Windows NT 10.0; Win64; x64) AppleWebKit/537.36 (KHTML, like Gecko) Chrome/140.0.0.0 Safari/537.36\"","service":"acquisitions-api"}
{"level":"info","message":"::ffff:172.18.0.1 - - [25/Sep/2025:08:03:58 +0000] \"GET /api HTTP/1.1\" 200 42 \"-\" \"Mozilla/5.0 (Windows NT 10.0; Win64; x64) AppleWebKit/537.36 (KHTML, like Gecko) Chrome/140.0.0.0 Safari/537.36\"","service":"acquisitions-api"}
{"level":"info","message":"::1 - - [25/Sep/2025:08:04:02 +0000] \"GET /health HTTP/1.1\" 200 75 \"-\" \"-\"","service":"acquisitions-api"}
{"level":"info","message":"::1 - - [25/Sep/2025:08:04:32 +0000] \"GET /health HTTP/1.1\" 200 76 \"-\" \"-\"","service":"acquisitions-api"}
{"level":"info","message":"::1 - - [25/Sep/2025:08:05:02 +0000] \"GET /health HTTP/1.1\" 200 77 \"-\" \"-\"","service":"acquisitions-api"}
{"level":"info","message":"::1 - - [25/Sep/2025:08:05:33 +0000] \"GET /health HTTP/1.1\" 200 77 \"-\" \"-\"","service":"acquisitions-api"}
{"level":"info","message":"::1 - - [25/Sep/2025:08:06:03 +0000] \"GET /health HTTP/1.1\" 200 77 \"-\" \"-\"","service":"acquisitions-api"}
{"level":"info","message":"::1 - - [25/Sep/2025:08:06:33 +0000] \"GET /health HTTP/1.1\" 200 77 \"-\" \"-\"","service":"acquisitions-api"}
{"level":"info","message":"::1 - - [25/Sep/2025:08:07:03 +0000] \"GET /health HTTP/1.1\" 200 77 \"-\" \"-\"","service":"acquisitions-api"}
{"level":"info","message":"::1 - - [25/Sep/2025:08:07:34 +0000] \"GET /health HTTP/1.1\" 200 77 \"-\" \"-\"","service":"acquisitions-api"}
{"level":"info","message":"::1 - - [25/Sep/2025:08:08:04 +0000] \"GET /health HTTP/1.1\" 200 77 \"-\" \"-\"","service":"acquisitions-api"}
{"level":"info","message":"::1 - - [25/Sep/2025:08:08:34 +0000] \"GET /health HTTP/1.1\" 200 77 \"-\" \"-\"","service":"acquisitions-api"}
{"level":"info","message":"::1 - - [25/Sep/2025:08:09:04 +0000] \"GET /health HTTP/1.1\" 200 77 \"-\" \"-\"","service":"acquisitions-api"}
{"level":"info","message":"::1 - - [25/Sep/2025:08:09:35 +0000] \"GET /health HTTP/1.1\" 200 77 \"-\" \"-\"","service":"acquisitions-api"}
{"level":"info","message":"::1 - - [25/Sep/2025:08:10:05 +0000] \"GET /health HTTP/1.1\" 200 77 \"-\" \"-\"","service":"acquisitions-api"}
{"level":"info","message":"::1 - - [25/Sep/2025:08:10:35 +0000] \"GET /health HTTP/1.1\" 200 77 \"-\" \"-\"","service":"acquisitions-api"}
{"level":"info","message":"::1 - - [25/Sep/2025:08:11:05 +0000] \"GET /health HTTP/1.1\" 200 77 \"-\" \"-\"","service":"acquisitions-api"}
{"level":"info","message":"::1 - - [25/Sep/2025:08:11:35 +0000] \"GET /health HTTP/1.1\" 200 76 \"-\" \"-\"","service":"acquisitions-api"}
{"level":"info","message":"::1 - - [25/Sep/2025:08:12:06 +0000] \"GET /health HTTP/1.1\" 200 77 \"-\" \"-\"","service":"acquisitions-api"}
{"level":"info","message":"::1 - - [25/Sep/2025:08:12:36 +0000] \"GET /health HTTP/1.1\" 200 77 \"-\" \"-\"","service":"acquisitions-api"}
{"level":"info","message":"::1 - - [25/Sep/2025:08:13:06 +0000] \"GET /health HTTP/1.1\" 200 77 \"-\" \"-\"","service":"acquisitions-api"}
{"level":"info","message":"::1 - - [25/Sep/2025:08:13:36 +0000] \"GET /health HTTP/1.1\" 200 76 \"-\" \"-\"","service":"acquisitions-api"}
{"level":"info","message":"::1 - - [25/Sep/2025:08:14:07 +0000] \"GET /health HTTP/1.1\" 200 77 \"-\" \"-\"","service":"acquisitions-api"}
{"level":"info","message":"::1 - - [25/Sep/2025:08:14:37 +0000] \"GET /health HTTP/1.1\" 200 77 \"-\" \"-\"","service":"acquisitions-api"}
{"level":"info","message":"::1 - - [25/Sep/2025:08:15:07 +0000] \"GET /health HTTP/1.1\" 200 77 \"-\" \"-\"","service":"acquisitions-api"}
{"level":"info","message":"::1 - - [25/Sep/2025:08:15:37 +0000] \"GET /health HTTP/1.1\" 200 77 \"-\" \"-\"","service":"acquisitions-api"}
{"level":"info","message":"::1 - - [25/Sep/2025:08:16:08 +0000] \"GET /health HTTP/1.1\" 200 77 \"-\" \"-\"","service":"acquisitions-api"}
{"level":"info","message":"::1 - - [25/Sep/2025:08:16:38 +0000] \"GET /health HTTP/1.1\" 200 77 \"-\" \"-\"","service":"acquisitions-api"}
{"level":"info","message":"::1 - - [25/Sep/2025:08:17:08 +0000] \"GET /health HTTP/1.1\" 200 77 \"-\" \"-\"","service":"acquisitions-api"}
{"level":"info","message":"::1 - - [25/Sep/2025:08:17:38 +0000] \"GET /health HTTP/1.1\" 200 77 \"-\" \"-\"","service":"acquisitions-api"}
{"level":"info","message":"::1 - - [25/Sep/2025:08:18:08 +0000] \"GET /health HTTP/1.1\" 200 77 \"-\" \"-\"","service":"acquisitions-api"}
{"level":"info","message":"::1 - - [25/Sep/2025:08:18:39 +0000] \"GET /health HTTP/1.1\" 200 77 \"-\" \"-\"","service":"acquisitions-api"}
{"level":"info","message":"::1 - - [25/Sep/2025:08:19:09 +0000] \"GET /health HTTP/1.1\" 200 77 \"-\" \"-\"","service":"acquisitions-api"}
{"level":"info","message":"::1 - - [25/Sep/2025:08:19:39 +0000] \"GET /health HTTP/1.1\" 200 78 \"-\" \"-\"","service":"acquisitions-api"}
{"level":"info","message":"::1 - - [25/Sep/2025:08:20:09 +0000] \"GET /health HTTP/1.1\" 200 77 \"-\" \"-\"","service":"acquisitions-api"}
{"level":"info","message":"::1 - - [25/Sep/2025:08:20:40 +0000] \"GET /health HTTP/1.1\" 200 78 \"-\" \"-\"","service":"acquisitions-api"}
{"level":"info","message":"::1 - - [25/Sep/2025:08:21:10 +0000] \"GET /health HTTP/1.1\" 200 78 \"-\" \"-\"","service":"acquisitions-api"}
{"level":"info","message":"::1 - - [25/Sep/2025:08:21:40 +0000] \"GET /health HTTP/1.1\" 200 77 \"-\" \"-\"","service":"acquisitions-api"}
{"level":"info","message":"::1 - - [25/Sep/2025:08:22:10 +0000] \"GET /health HTTP/1.1\" 200 78 \"-\" \"-\"","service":"acquisitions-api"}
{"level":"info","message":"::1 - - [25/Sep/2025:08:22:41 +0000] \"GET /health HTTP/1.1\" 200 78 \"-\" \"-\"","service":"acquisitions-api"}
{"level":"info","message":"::1 - - [25/Sep/2025:08:23:11 +0000] \"GET /health HTTP/1.1\" 200 78 \"-\" \"-\"","service":"acquisitions-api"}
{"level":"info","message":"::1 - - [25/Sep/2025:08:23:41 +0000] \"GET /health HTTP/1.1\" 200 77 \"-\" \"-\"","service":"acquisitions-api"}
{"level":"info","message":"::1 - - [25/Sep/2025:08:24:11 +0000] \"GET /health HTTP/1.1\" 200 78 \"-\" \"-\"","service":"acquisitions-api"}
{"level":"info","message":"::1 - - [25/Sep/2025:08:24:42 +0000] \"GET /health HTTP/1.1\" 200 78 \"-\" \"-\"","service":"acquisitions-api"}
{"level":"info","message":"::1 - - [25/Sep/2025:08:25:12 +0000] \"GET /health HTTP/1.1\" 200 78 \"-\" \"-\"","service":"acquisitions-api"}
{"level":"info","message":"::1 - - [25/Sep/2025:08:25:42 +0000] \"GET /health HTTP/1.1\" 200 78 \"-\" \"-\"","service":"acquisitions-api"}
{"level":"info","message":"::1 - - [25/Sep/2025:08:26:12 +0000] \"GET /health HTTP/1.1\" 200 78 \"-\" \"-\"","service":"acquisitions-api"}
{"level":"info","message":"::1 - - [25/Sep/2025:08:26:42 +0000] \"GET /health HTTP/1.1\" 200 78 \"-\" \"-\"","service":"acquisitions-api"}
{"level":"info","message":"::1 - - [25/Sep/2025:08:27:13 +0000] \"GET /health HTTP/1.1\" 200 78 \"-\" \"-\"","service":"acquisitions-api"}
{"level":"info","message":"::1 - - [25/Sep/2025:08:27:43 +0000] \"GET /health HTTP/1.1\" 200 78 \"-\" \"-\"","service":"acquisitions-api"}
{"level":"info","message":"::1 - - [25/Sep/2025:08:28:13 +0000] \"GET /health HTTP/1.1\" 200 78 \"-\" \"-\"","service":"acquisitions-api"}
{"level":"info","message":"::1 - - [25/Sep/2025:08:28:43 +0000] \"GET /health HTTP/1.1\" 200 78 \"-\" \"-\"","service":"acquisitions-api"}
{"level":"info","message":"::1 - - [25/Sep/2025:08:29:14 +0000] \"GET /health HTTP/1.1\" 200 78 \"-\" \"-\"","service":"acquisitions-api"}
{"level":"info","message":"::1 - - [25/Sep/2025:08:29:44 +0000] \"GET /health HTTP/1.1\" 200 78 \"-\" \"-\"","service":"acquisitions-api"}
{"level":"info","message":"::1 - - [25/Sep/2025:08:30:14 +0000] \"GET /health HTTP/1.1\" 200 78 \"-\" \"-\"","service":"acquisitions-api"}
{"level":"info","message":"::1 - - [25/Sep/2025:08:30:44 +0000] \"GET /health HTTP/1.1\" 200 78 \"-\" \"-\"","service":"acquisitions-api"}
{"level":"info","message":"::1 - - [25/Sep/2025:08:31:14 +0000] \"GET /health HTTP/1.1\" 200 78 \"-\" \"-\"","service":"acquisitions-api"}
{"level":"info","message":"::1 - - [25/Sep/2025:08:31:45 +0000] \"GET /health HTTP/1.1\" 200 78 \"-\" \"-\"","service":"acquisitions-api"}
{"level":"info","message":"::1 - - [25/Sep/2025:08:32:15 +0000] \"GET /health HTTP/1.1\" 200 78 \"-\" \"-\"","service":"acquisitions-api"}
{"level":"info","message":"::1 - - [25/Sep/2025:08:32:45 +0000] \"GET /health HTTP/1.1\" 200 78 \"-\" \"-\"","service":"acquisitions-api"}
{"level":"info","message":"::1 - - [25/Sep/2025:08:33:15 +0000] \"GET /health HTTP/1.1\" 200 78 \"-\" \"-\"","service":"acquisitions-api"}
{"level":"info","message":"::1 - - [25/Sep/2025:08:33:46 +0000] \"GET /health HTTP/1.1\" 200 78 \"-\" \"-\"","service":"acquisitions-api"}
{"level":"info","message":"::1 - - [25/Sep/2025:08:34:16 +0000] \"GET /health HTTP/1.1\" 200 78 \"-\" \"-\"","service":"acquisitions-api"}
{"level":"info","message":"::1 - - [25/Sep/2025:08:34:46 +0000] \"GET /health HTTP/1.1\" 200 78 \"-\" \"-\"","service":"acquisitions-api"}
{"level":"info","message":"::1 - - [25/Sep/2025:08:35:16 +0000] \"GET /health HTTP/1.1\" 200 78 \"-\" \"-\"","service":"acquisitions-api"}
{"level":"info","message":"::1 - - [25/Sep/2025:08:35:46 +0000] \"GET /health HTTP/1.1\" 200 78 \"-\" \"-\"","service":"acquisitions-api"}
{"level":"info","message":"::1 - - [25/Sep/2025:08:36:17 +0000] \"GET /health HTTP/1.1\" 200 78 \"-\" \"-\"","service":"acquisitions-api"}
{"level":"info","message":"::1 - - [25/Sep/2025:08:36:47 +0000] \"GET /health HTTP/1.1\" 200 78 \"-\" \"-\"","service":"acquisitions-api"}
{"level":"info","message":"::1 - - [25/Sep/2025:08:37:17 +0000] \"GET /health HTTP/1.1\" 200 78 \"-\" \"-\"","service":"acquisitions-api"}
{"level":"info","message":"::1 - - [25/Sep/2025:08:37:47 +0000] \"GET /health HTTP/1.1\" 200 78 \"-\" \"-\"","service":"acquisitions-api"}
{"level":"info","message":"::1 - - [25/Sep/2025:08:38:18 +0000] \"GET /health HTTP/1.1\" 200 78 \"-\" \"-\"","service":"acquisitions-api"}
{"level":"info","message":"::1 - - [25/Sep/2025:08:38:48 +0000] \"GET /health HTTP/1.1\" 200 78 \"-\" \"-\"","service":"acquisitions-api"}
{"level":"info","message":"::1 - - [25/Sep/2025:08:39:18 +0000] \"GET /health HTTP/1.1\" 200 78 \"-\" \"-\"","service":"acquisitions-api"}
{"level":"info","message":"::1 - - [25/Sep/2025:08:39:48 +0000] \"GET /health HTTP/1.1\" 200 78 \"-\" \"-\"","service":"acquisitions-api"}
{"level":"info","message":"::1 - - [25/Sep/2025:08:40:18 +0000] \"GET /health HTTP/1.1\" 200 78 \"-\" \"-\"","service":"acquisitions-api"}
{"level":"info","message":"::1 - - [25/Sep/2025:08:40:49 +0000] \"GET /health HTTP/1.1\" 200 78 \"-\" \"-\"","service":"acquisitions-api"}
{"level":"info","message":"::1 - - [25/Sep/2025:08:41:19 +0000] \"GET /health HTTP/1.1\" 200 76 \"-\" \"-\"","service":"acquisitions-api"}
{"level":"info","message":"::1 - - [25/Sep/2025:08:41:49 +0000] \"GET /health HTTP/1.1\" 200 78 \"-\" \"-\"","service":"acquisitions-api"}
{"level":"info","message":"::1 - - [25/Sep/2025:08:42:19 +0000] \"GET /health HTTP/1.1\" 200 78 \"-\" \"-\"","service":"acquisitions-api"}
{"level":"info","message":"::1 - - [25/Sep/2025:08:42:50 +0000] \"GET /health HTTP/1.1\" 200 78 \"-\" \"-\"","service":"acquisitions-api"}
{"level":"info","message":"::1 - - [25/Sep/2025:08:43:20 +0000] \"GET /health HTTP/1.1\" 200 78 \"-\" \"-\"","service":"acquisitions-api"}
{"level":"info","message":"::1 - - [25/Sep/2025:08:43:50 +0000] \"GET /health HTTP/1.1\" 200 78 \"-\" \"-\"","service":"acquisitions-api"}
{"level":"info","message":"::1 - - [25/Sep/2025:08:44:20 +0000] \"GET /health HTTP/1.1\" 200 78 \"-\" \"-\"","service":"acquisitions-api"}
{"level":"info","message":"::1 - - [25/Sep/2025:08:44:51 +0000] \"GET /health HTTP/1.1\" 200 78 \"-\" \"-\"","service":"acquisitions-api"}
{"level":"info","message":"::1 - - [25/Sep/2025:08:45:21 +0000] \"GET /health HTTP/1.1\" 200 78 \"-\" \"-\"","service":"acquisitions-api"}
{"level":"info","message":"::1 - - [25/Sep/2025:08:45:51 +0000] \"GET /health HTTP/1.1\" 200 78 \"-\" \"-\"","service":"acquisitions-api"}
{"level":"info","message":"::1 - - [25/Sep/2025:08:46:21 +0000] \"GET /health HTTP/1.1\" 200 78 \"-\" \"-\"","service":"acquisitions-api"}
{"level":"info","message":"::1 - - [25/Sep/2025:08:46:51 +0000] \"GET /health HTTP/1.1\" 200 78 \"-\" \"-\"","service":"acquisitions-api"}
{"level":"info","message":"::1 - - [25/Sep/2025:08:47:22 +0000] \"GET /health HTTP/1.1\" 200 77 \"-\" \"-\"","service":"acquisitions-api"}
{"level":"info","message":"::1 - - [25/Sep/2025:08:47:52 +0000] \"GET /health HTTP/1.1\" 200 78 \"-\" \"-\"","service":"acquisitions-api"}
{"level":"info","message":"::1 - - [25/Sep/2025:08:48:22 +0000] \"GET /health HTTP/1.1\" 200 78 \"-\" \"-\"","service":"acquisitions-api"}
{"level":"info","message":"::1 - - [25/Sep/2025:08:48:52 +0000] \"GET /health HTTP/1.1\" 200 78 \"-\" \"-\"","service":"acquisitions-api"}
{"level":"info","message":"::1 - - [25/Sep/2025:08:49:23 +0000] \"GET /health HTTP/1.1\" 200 78 \"-\" \"-\"","service":"acquisitions-api"}
{"level":"info","message":"::1 - - [25/Sep/2025:08:49:53 +0000] \"GET /health HTTP/1.1\" 200 78 \"-\" \"-\"","service":"acquisitions-api"}
{"level":"info","message":"::1 - - [25/Sep/2025:08:50:23 +0000] \"GET /health HTTP/1.1\" 200 78 \"-\" \"-\"","service":"acquisitions-api"}
{"level":"info","message":"::1 - - [25/Sep/2025:08:50:53 +0000] \"GET /health HTTP/1.1\" 200 78 \"-\" \"-\"","service":"acquisitions-api"}
{"level":"info","message":"::1 - - [25/Sep/2025:08:51:24 +0000] \"GET /health HTTP/1.1\" 200 77 \"-\" \"-\"","service":"acquisitions-api"}
{"level":"info","message":"::1 - - [25/Sep/2025:08:51:54 +0000] \"GET /health HTTP/1.1\" 200 78 \"-\" \"-\"","service":"acquisitions-api"}
{"level":"info","message":"::1 - - [25/Sep/2025:08:52:24 +0000] \"GET /health HTTP/1.1\" 200 78 \"-\" \"-\"","service":"acquisitions-api"}
{"level":"info","message":"::1 - - [25/Sep/2025:08:52:54 +0000] \"GET /health HTTP/1.1\" 200 78 \"-\" \"-\"","service":"acquisitions-api"}
{"level":"info","message":"::ffff:127.0.0.1 - - [25/Sep/2025:08:53:07 +0000] \"GET /health HTTP/1.1\" 200 71 \"-\" \"-\"","service":"acquisitions-api"}
{"level":"info","message":"::ffff:127.0.0.1 - - [25/Sep/2025:08:53:07 +0000] \"GET /api HTTP/1.1\" 200 42 \"-\" \"-\"","service":"acquisitions-api"}
{"level":"info","message":"::ffff:127.0.0.1 - - [25/Sep/2025:08:53:07 +0000] \"GET /nonexsistent HTTP/1.1\" 404 27 \"-\" \"-\"","service":"acquisitions-api"}
